CRITICAL - 2021-09-29 19:04:05 --> The framework needs the following extension(s) installed and loaded: intl.
#0 C:\xampp\htdocs\tag4tech\system\CodeIgniter.php(218): CodeIgniter\Exceptions\FrameworkException::forMissingExtension('intl')
#1 C:\xampp\htdocs\tag4tech\system\CodeIgniter.php(176): CodeIgniter\CodeIgniter->resolvePlatformExtensions()
#2 C:\xampp\htdocs\tag4tech\system\bootstrap.php(146): CodeIgniter\CodeIgniter->initialize()
#3 C:\xampp\htdocs\tag4tech\public\index.php(28): require('C:\\xampp\\htdocs...')
#4 {main}
CRITICAL - 2021-09-29 12:39:53 --> Invalid file: header.php
#0 C:\xampp\htdocs\tag4tech\system\View\View.php(198): CodeIgniter\Exceptions\FrameworkException::forInvalidFile('header.php')
#1 C:\xampp\htdocs\tag4tech\system\Common.php(1092): CodeIgniter\View\View->render('header', Array, true)
#2 C:\xampp\htdocs\tag4tech\app\Controllers\Home.php(9): view('header')
#3 C:\xampp\htdocs\tag4tech\system\CodeIgniter.php(802): App\Controllers\Home->index()
#4 C:\xampp\htdocs\tag4tech\system\CodeIgniter.php(399): CodeIgniter\CodeIgniter->runController(Object(App\Controllers\Home))
#5 C:\xampp\htdocs\tag4tech\system\CodeIgniter.php(317): CodeIgniter\CodeIgniter->handleRequest(NULL, Object(Config\Cache), false)
#6 C:\xampp\htdocs\tag4tech\public\index.php(37): CodeIgniter\CodeIgniter->run()
#7 {main}
CRITICAL - 2021-09-29 12:40:08 --> Invalid file: header.php
#0 C:\xampp\htdocs\tag4tech\system\View\View.php(198): CodeIgniter\Exceptions\FrameworkException::forInvalidFile('header.php')
#1 C:\xampp\htdocs\tag4tech\system\Common.php(1092): CodeIgniter\View\View->render('header', Array, true)
#2 C:\xampp\htdocs\tag4tech\app\Controllers\Home.php(9): view('header')
#3 C:\xampp\htdocs\tag4tech\system\CodeIgniter.php(802): App\Controllers\Home->index()
#4 C:\xampp\htdocs\tag4tech\system\CodeIgniter.php(399): CodeIgniter\CodeIgniter->runController(Object(App\Controllers\Home))
#5 C:\xampp\htdocs\tag4tech\system\CodeIgniter.php(317): CodeIgniter\CodeIgniter->handleRequest(NULL, Object(Config\Cache), false)
#6 C:\xampp\htdocs\tag4tech\public\index.php(37): CodeIgniter\CodeIgniter->run()
#7 {main}
CRITICAL - 2021-09-29 12:47:16 --> Invalid file: header.php
#0 C:\xampp\htdocs\tag4tech\system\View\View.php(198): CodeIgniter\Exceptions\FrameworkException::forInvalidFile('header.php')
#1 C:\xampp\htdocs\tag4tech\system\Common.php(1092): CodeIgniter\View\View->render('header', Array, true)
#2 C:\xampp\htdocs\tag4tech\app\Controllers\Home.php(9): view('header')
#3 C:\xampp\htdocs\tag4tech\system\CodeIgniter.php(802): App\Controllers\Home->index()
#4 C:\xampp\htdocs\tag4tech\system\CodeIgniter.php(399): CodeIgniter\CodeIgniter->runController(Object(App\Controllers\Home))
#5 C:\xampp\htdocs\tag4tech\system\CodeIgniter.php(317): CodeIgniter\CodeIgniter->handleRequest(NULL, Object(Config\Cache), false)
#6 C:\xampp\htdocs\tag4tech\public\index.php(37): CodeIgniter\CodeIgniter->run()
#7 {main}
CRITICAL - 2021-09-29 12:54:11 --> Call to undefined function link_tag()
#0 C:\xampp\htdocs\tag4tech\system\View\View.php(214): include()
#1 C:\xampp\htdocs\tag4tech\system\View\View.php(217): CodeIgniter\View\View->CodeIgniter\View\{closure}()
#2 C:\xampp\htdocs\tag4tech\system\Common.php(1092): CodeIgniter\View\View->render('layout\\header', Array, true)
#3 C:\xampp\htdocs\tag4tech\app\Controllers\Home.php(9): view('layout\\header')
#4 C:\xampp\htdocs\tag4tech\system\CodeIgniter.php(802): App\Controllers\Home->index()
#5 C:\xampp\htdocs\tag4tech\system\CodeIgniter.php(399): CodeIgniter\CodeIgniter->runController(Object(App\Controllers\Home))
#6 C:\xampp\htdocs\tag4tech\system\CodeIgniter.php(317): CodeIgniter\CodeIgniter->handleRequest(NULL, Object(Config\Cache), false)
#7 C:\xampp\htdocs\tag4tech\public\index.php(37): CodeIgniter\CodeIgniter->run()
#8 {main}
CRITICAL - 2021-09-29 12:54:14 --> Call to undefined function link_tag()
#0 C:\xampp\htdocs\tag4tech\system\View\View.php(214): include()
#1 C:\xampp\htdocs\tag4tech\system\View\View.php(217): CodeIgniter\View\View->CodeIgniter\View\{closure}()
#2 C:\xampp\htdocs\tag4tech\system\Common.php(1092): CodeIgniter\View\View->render('layout\\header', Array, true)
#3 C:\xampp\htdocs\tag4tech\app\Controllers\Home.php(9): view('layout\\header')
#4 C:\xampp\htdocs\tag4tech\system\CodeIgniter.php(802): App\Controllers\Home->index()
#5 C:\xampp\htdocs\tag4tech\system\CodeIgniter.php(399): CodeIgniter\CodeIgniter->runController(Object(App\Controllers\Home))
#6 C:\xampp\htdocs\tag4tech\system\CodeIgniter.php(317): CodeIgniter\CodeIgniter->handleRequest(NULL, Object(Config\Cache), false)
#7 C:\xampp\htdocs\tag4tech\public\index.php(37): CodeIgniter\CodeIgniter->run()
#8 {main}
CRITICAL - 2021-09-29 12:57:45 --> Call to undefined function link_tag()
#0 C:\xampp\htdocs\tag4tech\system\View\View.php(214): include()
#1 C:\xampp\htdocs\tag4tech\system\View\View.php(217): CodeIgniter\View\View->CodeIgniter\View\{closure}()
#2 C:\xampp\htdocs\tag4tech\system\Common.php(1092): CodeIgniter\View\View->render('layout\\header', Array, true)
#3 C:\xampp\htdocs\tag4tech\app\Controllers\Home.php(9): view('layout\\header')
#4 C:\xampp\htdocs\tag4tech\system\CodeIgniter.php(802): App\Controllers\Home->index()
#5 C:\xampp\htdocs\tag4tech\system\CodeIgniter.php(399): CodeIgniter\CodeIgniter->runController(Object(App\Controllers\Home))
#6 C:\xampp\htdocs\tag4tech\system\CodeIgniter.php(317): CodeIgniter\CodeIgniter->handleRequest(NULL, Object(Config\Cache), false)
#7 C:\xampp\htdocs\tag4tech\public\index.php(37): CodeIgniter\CodeIgniter->run()
#8 {main}
CRITICAL - 2021-09-29 13:22:39 --> Undefined variable $data
#0 C:\xampp\htdocs\tag4tech\app\Controllers\Home.php(9): CodeIgniter\Debug\Exceptions->errorHandler(2, 'Undefined varia...', 'C:\\xampp\\htdocs...', 9)
#1 C:\xampp\htdocs\tag4tech\system\CodeIgniter.php(802): App\Controllers\Home->index()
#2 C:\xampp\htdocs\tag4tech\system\CodeIgniter.php(399): CodeIgniter\CodeIgniter->runController(Object(App\Controllers\Home))
#3 C:\xampp\htdocs\tag4tech\system\CodeIgniter.php(317): CodeIgniter\CodeIgniter->handleRequest(NULL, Object(Config\Cache), false)
#4 C:\xampp\htdocs\tag4tech\public\index.php(37): CodeIgniter\CodeIgniter->run()
#5 {main}
CRITICAL - 2021-09-29 15:39:13 --> syntax error, unexpected token "}"
#0 C:\xampp\htdocs\tag4tech\system\Router\Router.php(160): CodeIgniter\Router\Router->autoRoute('pages/view/why-...')
#1 C:\xampp\htdocs\tag4tech\system\CodeIgniter.php(702): CodeIgniter\Router\Router->handle('pages/view/why-...')
#2 C:\xampp\htdocs\tag4tech\system\CodeIgniter.php(358): CodeIgniter\CodeIgniter->tryToRouteIt(Object(CodeIgniter\Router\RouteCollection))
#3 C:\xampp\htdocs\tag4tech\system\CodeIgniter.php(317): CodeIgniter\CodeIgniter->handleRequest(NULL, Object(Config\Cache), false)
#4 C:\xampp\htdocs\tag4tech\public\index.php(37): CodeIgniter\CodeIgniter->run()
#5 {main}
CRITICAL - 2021-09-29 15:39:15 --> syntax error, unexpected token "}"
#0 C:\xampp\htdocs\tag4tech\system\Router\Router.php(160): CodeIgniter\Router\Router->autoRoute('pages/view/why-...')
#1 C:\xampp\htdocs\tag4tech\system\CodeIgniter.php(702): CodeIgniter\Router\Router->handle('pages/view/why-...')
#2 C:\xampp\htdocs\tag4tech\system\CodeIgniter.php(358): CodeIgniter\CodeIgniter->tryToRouteIt(Object(CodeIgniter\Router\RouteCollection))
#3 C:\xampp\htdocs\tag4tech\system\CodeIgniter.php(317): CodeIgniter\CodeIgniter->handleRequest(NULL, Object(Config\Cache), false)
#4 C:\xampp\htdocs\tag4tech\public\index.php(37): CodeIgniter\CodeIgniter->run()
#5 {main}
CRITICAL - 2021-09-29 15:39:21 --> syntax error, unexpected token "}"
#0 C:\xampp\htdocs\tag4tech\system\Router\Router.php(160): CodeIgniter\Router\Router->autoRoute('pages/view/why-...')
#1 C:\xampp\htdocs\tag4tech\system\CodeIgniter.php(702): CodeIgniter\Router\Router->handle('pages/view/why-...')
#2 C:\xampp\htdocs\tag4tech\system\CodeIgniter.php(358): CodeIgniter\CodeIgniter->tryToRouteIt(Object(CodeIgniter\Router\RouteCollection))
#3 C:\xampp\htdocs\tag4tech\system\CodeIgniter.php(317): CodeIgniter\CodeIgniter->handleRequest(NULL, Object(Config\Cache), false)
#4 C:\xampp\htdocs\tag4tech\public\index.php(37): CodeIgniter\CodeIgniter->run()
#5 {main}
