ERROR - 2021-09-30 13:34:18 --> Error connecting to the database: Access denied for user ''@'localhost' (using password: NO)
CRITICAL - 2021-09-30 13:34:18 --> Unable to connect to the database.
Main connection [MySQLi]: Access denied for user ''@'localhost' (using password: NO)
#0 C:\xampp\htdocs\tag4tech\system\Database\BaseConnection.php(570): CodeIgniter\Database\BaseConnection->initialize()
#1 C:\xampp\htdocs\tag4tech\system\Database\BaseBuilder.php(1733): CodeIgniter\Database\BaseConnection->query('INSERT INTO `co...', Array, false)
#2 C:\xampp\htdocs\tag4tech\system\Model.php(239): CodeIgniter\Database\BaseBuilder->insert()
#3 C:\xampp\htdocs\tag4tech\system\BaseModel.php(738): CodeIgniter\Model->doInsert(Array)
#4 C:\xampp\htdocs\tag4tech\system\Model.php(620): CodeIgniter\BaseModel->insert(Array, true)
#5 C:\xampp\htdocs\tag4tech\app\Controllers\Contact.php(17): CodeIgniter\Model->insert(Array)
#6 C:\xampp\htdocs\tag4tech\system\CodeIgniter.php(802): App\Controllers\Contact->index()
#7 C:\xampp\htdocs\tag4tech\system\CodeIgniter.php(399): CodeIgniter\CodeIgniter->runController(Object(App\Controllers\Contact))
#8 C:\xampp\htdocs\tag4tech\system\CodeIgniter.php(317): CodeIgniter\CodeIgniter->handleRequest(NULL, Object(Config\Cache), false)
#9 C:\xampp\htdocs\tag4tech\public\index.php(37): CodeIgniter\CodeIgniter->run()
#10 {main}
ERROR - 2021-09-30 13:35:04 --> Error connecting to the database: Access denied for user ''@'localhost' (using password: NO)
CRITICAL - 2021-09-30 13:35:04 --> Unable to connect to the database.
Main connection [MySQLi]: Access denied for user ''@'localhost' (using password: NO)
#0 C:\xampp\htdocs\tag4tech\system\Database\BaseConnection.php(570): CodeIgniter\Database\BaseConnection->initialize()
#1 C:\xampp\htdocs\tag4tech\system\Database\BaseBuilder.php(1733): CodeIgniter\Database\BaseConnection->query('INSERT INTO `co...', Array, false)
#2 C:\xampp\htdocs\tag4tech\system\Model.php(239): CodeIgniter\Database\BaseBuilder->insert()
#3 C:\xampp\htdocs\tag4tech\system\BaseModel.php(738): CodeIgniter\Model->doInsert(Array)
#4 C:\xampp\htdocs\tag4tech\system\Model.php(620): CodeIgniter\BaseModel->insert(Array, true)
#5 C:\xampp\htdocs\tag4tech\app\Controllers\Contact.php(17): CodeIgniter\Model->insert(Array)
#6 C:\xampp\htdocs\tag4tech\system\CodeIgniter.php(802): App\Controllers\Contact->index()
#7 C:\xampp\htdocs\tag4tech\system\CodeIgniter.php(399): CodeIgniter\CodeIgniter->runController(Object(App\Controllers\Contact))
#8 C:\xampp\htdocs\tag4tech\system\CodeIgniter.php(317): CodeIgniter\CodeIgniter->handleRequest(NULL, Object(Config\Cache), false)
#9 C:\xampp\htdocs\tag4tech\public\index.php(37): CodeIgniter\CodeIgniter->run()
#10 {main}
ERROR - 2021-09-30 13:40:21 --> Error connecting to the database: Access denied for user ''@'localhost' (using password: NO)
CRITICAL - 2021-09-30 13:40:21 --> Unable to connect to the database.
Main connection [MySQLi]: Access denied for user ''@'localhost' (using password: NO)
#0 C:\xampp\htdocs\tag4tech\system\Database\BaseConnection.php(570): CodeIgniter\Database\BaseConnection->initialize()
#1 C:\xampp\htdocs\tag4tech\system\Database\BaseBuilder.php(1733): CodeIgniter\Database\BaseConnection->query('INSERT INTO `co...', Array, false)
#2 C:\xampp\htdocs\tag4tech\system\Model.php(239): CodeIgniter\Database\BaseBuilder->insert()
#3 C:\xampp\htdocs\tag4tech\system\BaseModel.php(738): CodeIgniter\Model->doInsert(Array)
#4 C:\xampp\htdocs\tag4tech\system\Model.php(620): CodeIgniter\BaseModel->insert(Array, true)
#5 C:\xampp\htdocs\tag4tech\app\Controllers\Contact.php(17): CodeIgniter\Model->insert(Array)
#6 C:\xampp\htdocs\tag4tech\system\CodeIgniter.php(802): App\Controllers\Contact->index()
#7 C:\xampp\htdocs\tag4tech\system\CodeIgniter.php(399): CodeIgniter\CodeIgniter->runController(Object(App\Controllers\Contact))
#8 C:\xampp\htdocs\tag4tech\system\CodeIgniter.php(317): CodeIgniter\CodeIgniter->handleRequest(NULL, Object(Config\Cache), false)
#9 C:\xampp\htdocs\tag4tech\public\index.php(37): CodeIgniter\CodeIgniter->run()
#10 {main}
ERROR - 2021-09-30 13:41:34 --> Error connecting to the database: Access denied for user ''@'localhost' (using password: NO)
CRITICAL - 2021-09-30 13:41:34 --> Unable to connect to the database.
Main connection [MySQLi]: Access denied for user ''@'localhost' (using password: NO)
#0 C:\xampp\htdocs\tag4tech\system\Database\BaseConnection.php(570): CodeIgniter\Database\BaseConnection->initialize()
#1 C:\xampp\htdocs\tag4tech\system\Database\BaseBuilder.php(1733): CodeIgniter\Database\BaseConnection->query('INSERT INTO `co...', Array, false)
#2 C:\xampp\htdocs\tag4tech\system\Model.php(239): CodeIgniter\Database\BaseBuilder->insert()
#3 C:\xampp\htdocs\tag4tech\system\BaseModel.php(738): CodeIgniter\Model->doInsert(Array)
#4 C:\xampp\htdocs\tag4tech\system\Model.php(620): CodeIgniter\BaseModel->insert(Array, true)
#5 C:\xampp\htdocs\tag4tech\app\Controllers\Contact.php(17): CodeIgniter\Model->insert(Array)
#6 C:\xampp\htdocs\tag4tech\system\CodeIgniter.php(802): App\Controllers\Contact->index()
#7 C:\xampp\htdocs\tag4tech\system\CodeIgniter.php(399): CodeIgniter\CodeIgniter->runController(Object(App\Controllers\Contact))
#8 C:\xampp\htdocs\tag4tech\system\CodeIgniter.php(317): CodeIgniter\CodeIgniter->handleRequest(NULL, Object(Config\Cache), false)
#9 C:\xampp\htdocs\tag4tech\public\index.php(37): CodeIgniter\CodeIgniter->run()
#10 {main}
ERROR - 2021-09-30 13:42:22 --> Table 'tag4tech.contacts' doesn't exist
ERROR - 2021-09-30 13:44:09 --> Table 'tag4tech.contacts' doesn't exist
ERROR - 2021-09-30 13:44:13 --> Table 'tag4tech.contacts' doesn't exist
ERROR - 2021-09-30 13:44:37 --> Table 'tag4tech.contacts' doesn't exist
ERROR - 2021-09-30 13:44:41 --> Table 'tag4tech.contacts' doesn't exist
ERROR - 2021-09-30 13:46:45 --> Unknown column 'contact.deleted_at' in 'where clause'
CRITICAL - 2021-09-30 13:49:53 --> syntax error, unexpected token "*"
#0 C:\xampp\htdocs\tag4tech\system\Router\Router.php(160): CodeIgniter\Router\Router->autoRoute('contact')
#1 C:\xampp\htdocs\tag4tech\system\CodeIgniter.php(702): CodeIgniter\Router\Router->handle('contact')
#2 C:\xampp\htdocs\tag4tech\system\CodeIgniter.php(358): CodeIgniter\CodeIgniter->tryToRouteIt(Object(CodeIgniter\Router\RouteCollection))
#3 C:\xampp\htdocs\tag4tech\system\CodeIgniter.php(317): CodeIgniter\CodeIgniter->handleRequest(NULL, Object(Config\Cache), false)
#4 C:\xampp\htdocs\tag4tech\public\index.php(37): CodeIgniter\CodeIgniter->run()
#5 {main}
CRITICAL - 2021-09-30 13:50:44 --> Too few arguments to function App\Controllers\Contact::save(), 0 passed in C:\xampp\htdocs\tag4tech\system\CodeIgniter.php on line 802 and exactly 1 expected
#0 C:\xampp\htdocs\tag4tech\system\CodeIgniter.php(802): App\Controllers\Contact->save()
#1 C:\xampp\htdocs\tag4tech\system\CodeIgniter.php(399): CodeIgniter\CodeIgniter->runController(Object(App\Controllers\Contact))
#2 C:\xampp\htdocs\tag4tech\system\CodeIgniter.php(317): CodeIgniter\CodeIgniter->handleRequest(NULL, Object(Config\Cache), false)
#3 C:\xampp\htdocs\tag4tech\public\index.php(37): CodeIgniter\CodeIgniter->run()
#4 {main}
CRITICAL - 2021-09-30 13:52:33 --> Undefined property: App\Controllers\Contact::$input
#0 C:\xampp\htdocs\tag4tech\app\Controllers\Contact.php(20): CodeIgniter\Debug\Exceptions->errorHandler(2, 'Undefined prope...', 'C:\\xampp\\htdocs...', 20)
#1 C:\xampp\htdocs\tag4tech\system\CodeIgniter.php(802): App\Controllers\Contact->save()
#2 C:\xampp\htdocs\tag4tech\system\CodeIgniter.php(399): CodeIgniter\CodeIgniter->runController(Object(App\Controllers\Contact))
#3 C:\xampp\htdocs\tag4tech\system\CodeIgniter.php(317): CodeIgniter\CodeIgniter->handleRequest(NULL, Object(Config\Cache), false)
#4 C:\xampp\htdocs\tag4tech\public\index.php(37): CodeIgniter\CodeIgniter->run()
#5 {main}
CRITICAL - 2021-09-30 13:53:43 --> Undefined property: App\Controllers\Contact::$input
#0 C:\xampp\htdocs\tag4tech\app\Controllers\Contact.php(20): CodeIgniter\Debug\Exceptions->errorHandler(2, 'Undefined prope...', 'C:\\xampp\\htdocs...', 20)
#1 C:\xampp\htdocs\tag4tech\system\CodeIgniter.php(802): App\Controllers\Contact->save()
#2 C:\xampp\htdocs\tag4tech\system\CodeIgniter.php(399): CodeIgniter\CodeIgniter->runController(Object(App\Controllers\Contact))
#3 C:\xampp\htdocs\tag4tech\system\CodeIgniter.php(317): CodeIgniter\CodeIgniter->handleRequest(NULL, Object(Config\Cache), false)
#4 C:\xampp\htdocs\tag4tech\public\index.php(37): CodeIgniter\CodeIgniter->run()
#5 {main}
CRITICAL - 2021-09-30 13:54:43 --> Undefined property: App\Controllers\Contact::$input
#0 C:\xampp\htdocs\tag4tech\app\Controllers\Contact.php(20): CodeIgniter\Debug\Exceptions->errorHandler(2, 'Undefined prope...', 'C:\\xampp\\htdocs...', 20)
#1 C:\xampp\htdocs\tag4tech\system\CodeIgniter.php(802): App\Controllers\Contact->save()
#2 C:\xampp\htdocs\tag4tech\system\CodeIgniter.php(399): CodeIgniter\CodeIgniter->runController(Object(App\Controllers\Contact))
#3 C:\xampp\htdocs\tag4tech\system\CodeIgniter.php(317): CodeIgniter\CodeIgniter->handleRequest(NULL, Object(Config\Cache), false)
#4 C:\xampp\htdocs\tag4tech\public\index.php(37): CodeIgniter\CodeIgniter->run()
#5 {main}
CRITICAL - 2021-09-30 13:55:44 --> Undefined property: App\Controllers\Contact::$input
#0 C:\xampp\htdocs\tag4tech\app\Controllers\Contact.php(20): CodeIgniter\Debug\Exceptions->errorHandler(2, 'Undefined prope...', 'C:\\xampp\\htdocs...', 20)
#1 C:\xampp\htdocs\tag4tech\system\CodeIgniter.php(802): App\Controllers\Contact->save()
#2 C:\xampp\htdocs\tag4tech\system\CodeIgniter.php(399): CodeIgniter\CodeIgniter->runController(Object(App\Controllers\Contact))
#3 C:\xampp\htdocs\tag4tech\system\CodeIgniter.php(317): CodeIgniter\CodeIgniter->handleRequest(NULL, Object(Config\Cache), false)
#4 C:\xampp\htdocs\tag4tech\public\index.php(37): CodeIgniter\CodeIgniter->run()
#5 {main}
CRITICAL - 2021-09-30 13:56:21 --> Undefined property: App\Controllers\Contact::$input
#0 C:\xampp\htdocs\tag4tech\app\Controllers\Contact.php(20): CodeIgniter\Debug\Exceptions->errorHandler(2, 'Undefined prope...', 'C:\\xampp\\htdocs...', 20)
#1 C:\xampp\htdocs\tag4tech\system\CodeIgniter.php(802): App\Controllers\Contact->save()
#2 C:\xampp\htdocs\tag4tech\system\CodeIgniter.php(399): CodeIgniter\CodeIgniter->runController(Object(App\Controllers\Contact))
#3 C:\xampp\htdocs\tag4tech\system\CodeIgniter.php(317): CodeIgniter\CodeIgniter->handleRequest(NULL, Object(Config\Cache), false)
#4 C:\xampp\htdocs\tag4tech\public\index.php(37): CodeIgniter\CodeIgniter->run()
#5 {main}
CRITICAL - 2021-09-30 13:56:41 --> Undefined property: App\Controllers\Contact::$input
#0 C:\xampp\htdocs\tag4tech\app\Controllers\Contact.php(20): CodeIgniter\Debug\Exceptions->errorHandler(2, 'Undefined prope...', 'C:\\xampp\\htdocs...', 20)
#1 C:\xampp\htdocs\tag4tech\system\CodeIgniter.php(802): App\Controllers\Contact->save()
#2 C:\xampp\htdocs\tag4tech\system\CodeIgniter.php(399): CodeIgniter\CodeIgniter->runController(Object(App\Controllers\Contact))
#3 C:\xampp\htdocs\tag4tech\system\CodeIgniter.php(317): CodeIgniter\CodeIgniter->handleRequest(NULL, Object(Config\Cache), false)
#4 C:\xampp\htdocs\tag4tech\public\index.php(37): CodeIgniter\CodeIgniter->run()
#5 {main}
CRITICAL - 2021-09-30 13:59:22 --> Undefined property: App\Controllers\Contact::$input
#0 C:\xampp\htdocs\tag4tech\app\Controllers\Contact.php(20): CodeIgniter\Debug\Exceptions->errorHandler(2, 'Undefined prope...', 'C:\\xampp\\htdocs...', 20)
#1 C:\xampp\htdocs\tag4tech\system\CodeIgniter.php(802): App\Controllers\Contact->save()
#2 C:\xampp\htdocs\tag4tech\system\CodeIgniter.php(399): CodeIgniter\CodeIgniter->runController(Object(App\Controllers\Contact))
#3 C:\xampp\htdocs\tag4tech\system\CodeIgniter.php(317): CodeIgniter\CodeIgniter->handleRequest(NULL, Object(Config\Cache), false)
#4 C:\xampp\htdocs\tag4tech\public\index.php(37): CodeIgniter\CodeIgniter->run()
#5 {main}
CRITICAL - 2021-09-30 13:59:31 --> Undefined property: App\Controllers\Contact::$input
#0 C:\xampp\htdocs\tag4tech\app\Controllers\Contact.php(20): CodeIgniter\Debug\Exceptions->errorHandler(2, 'Undefined prope...', 'C:\\xampp\\htdocs...', 20)
#1 C:\xampp\htdocs\tag4tech\system\CodeIgniter.php(802): App\Controllers\Contact->save()
#2 C:\xampp\htdocs\tag4tech\system\CodeIgniter.php(399): CodeIgniter\CodeIgniter->runController(Object(App\Controllers\Contact))
#3 C:\xampp\htdocs\tag4tech\system\CodeIgniter.php(317): CodeIgniter\CodeIgniter->handleRequest(NULL, Object(Config\Cache), false)
#4 C:\xampp\htdocs\tag4tech\public\index.php(37): CodeIgniter\CodeIgniter->run()
#5 {main}
CRITICAL - 2021-09-30 14:00:16 --> syntax error, unexpected token "=", expecting "]"
#0 C:\xampp\htdocs\tag4tech\system\Router\Router.php(160): CodeIgniter\Router\Router->autoRoute('contact/save')
#1 C:\xampp\htdocs\tag4tech\system\CodeIgniter.php(702): CodeIgniter\Router\Router->handle('contact/save')
#2 C:\xampp\htdocs\tag4tech\system\CodeIgniter.php(358): CodeIgniter\CodeIgniter->tryToRouteIt(Object(CodeIgniter\Router\RouteCollection))
#3 C:\xampp\htdocs\tag4tech\system\CodeIgniter.php(317): CodeIgniter\CodeIgniter->handleRequest(NULL, Object(Config\Cache), false)
#4 C:\xampp\htdocs\tag4tech\public\index.php(37): CodeIgniter\CodeIgniter->run()
#5 {main}
CRITICAL - 2021-09-30 14:00:47 --> syntax error, unexpected token "=", expecting "]"
#0 C:\xampp\htdocs\tag4tech\system\Router\Router.php(160): CodeIgniter\Router\Router->autoRoute('contact/save')
#1 C:\xampp\htdocs\tag4tech\system\CodeIgniter.php(702): CodeIgniter\Router\Router->handle('contact/save')
#2 C:\xampp\htdocs\tag4tech\system\CodeIgniter.php(358): CodeIgniter\CodeIgniter->tryToRouteIt(Object(CodeIgniter\Router\RouteCollection))
#3 C:\xampp\htdocs\tag4tech\system\CodeIgniter.php(317): CodeIgniter\CodeIgniter->handleRequest(NULL, Object(Config\Cache), false)
#4 C:\xampp\htdocs\tag4tech\public\index.php(37): CodeIgniter\CodeIgniter->run()
#5 {main}
CRITICAL - 2021-09-30 14:01:07 --> Undefined property: App\Controllers\Contact::$input
#0 C:\xampp\htdocs\tag4tech\app\Controllers\Contact.php(20): CodeIgniter\Debug\Exceptions->errorHandler(2, 'Undefined prope...', 'C:\\xampp\\htdocs...', 20)
#1 C:\xampp\htdocs\tag4tech\system\CodeIgniter.php(802): App\Controllers\Contact->save()
#2 C:\xampp\htdocs\tag4tech\system\CodeIgniter.php(399): CodeIgniter\CodeIgniter->runController(Object(App\Controllers\Contact))
#3 C:\xampp\htdocs\tag4tech\system\CodeIgniter.php(317): CodeIgniter\CodeIgniter->handleRequest(NULL, Object(Config\Cache), false)
#4 C:\xampp\htdocs\tag4tech\public\index.php(37): CodeIgniter\CodeIgniter->run()
#5 {main}
CRITICAL - 2021-09-30 14:04:59 --> Undefined property: App\Controllers\Contact::$input
#0 C:\xampp\htdocs\tag4tech\app\Controllers\Contact.php(20): CodeIgniter\Debug\Exceptions->errorHandler(2, 'Undefined prope...', 'C:\\xampp\\htdocs...', 20)
#1 C:\xampp\htdocs\tag4tech\system\CodeIgniter.php(802): App\Controllers\Contact->save()
#2 C:\xampp\htdocs\tag4tech\system\CodeIgniter.php(399): CodeIgniter\CodeIgniter->runController(Object(App\Controllers\Contact))
#3 C:\xampp\htdocs\tag4tech\system\CodeIgniter.php(317): CodeIgniter\CodeIgniter->handleRequest(NULL, Object(Config\Cache), false)
#4 C:\xampp\htdocs\tag4tech\public\index.php(37): CodeIgniter\CodeIgniter->run()
#5 {main}
CRITICAL - 2021-09-30 14:05:05 --> Undefined property: App\Controllers\Contact::$input
#0 C:\xampp\htdocs\tag4tech\app\Controllers\Contact.php(20): CodeIgniter\Debug\Exceptions->errorHandler(2, 'Undefined prope...', 'C:\\xampp\\htdocs...', 20)
#1 C:\xampp\htdocs\tag4tech\system\CodeIgniter.php(802): App\Controllers\Contact->save()
#2 C:\xampp\htdocs\tag4tech\system\CodeIgniter.php(399): CodeIgniter\CodeIgniter->runController(Object(App\Controllers\Contact))
#3 C:\xampp\htdocs\tag4tech\system\CodeIgniter.php(317): CodeIgniter\CodeIgniter->handleRequest(NULL, Object(Config\Cache), false)
#4 C:\xampp\htdocs\tag4tech\public\index.php(37): CodeIgniter\CodeIgniter->run()
#5 {main}
CRITICAL - 2021-09-30 14:05:13 --> syntax error, unexpected token "=", expecting "]"
#0 C:\xampp\htdocs\tag4tech\system\Router\Router.php(160): CodeIgniter\Router\Router->autoRoute('contact/save')
#1 C:\xampp\htdocs\tag4tech\system\CodeIgniter.php(702): CodeIgniter\Router\Router->handle('contact/save')
#2 C:\xampp\htdocs\tag4tech\system\CodeIgniter.php(358): CodeIgniter\CodeIgniter->tryToRouteIt(Object(CodeIgniter\Router\RouteCollection))
#3 C:\xampp\htdocs\tag4tech\system\CodeIgniter.php(317): CodeIgniter\CodeIgniter->handleRequest(NULL, Object(Config\Cache), false)
#4 C:\xampp\htdocs\tag4tech\public\index.php(37): CodeIgniter\CodeIgniter->run()
#5 {main}
CRITICAL - 2021-09-30 14:06:08 --> syntax error, unexpected token "=", expecting "]"
#0 C:\xampp\htdocs\tag4tech\system\Router\Router.php(160): CodeIgniter\Router\Router->autoRoute('contact/save')
#1 C:\xampp\htdocs\tag4tech\system\CodeIgniter.php(702): CodeIgniter\Router\Router->handle('contact/save')
#2 C:\xampp\htdocs\tag4tech\system\CodeIgniter.php(358): CodeIgniter\CodeIgniter->tryToRouteIt(Object(CodeIgniter\Router\RouteCollection))
#3 C:\xampp\htdocs\tag4tech\system\CodeIgniter.php(317): CodeIgniter\CodeIgniter->handleRequest(NULL, Object(Config\Cache), false)
#4 C:\xampp\htdocs\tag4tech\public\index.php(37): CodeIgniter\CodeIgniter->run()
#5 {main}
CRITICAL - 2021-09-30 14:10:19 --> Undefined property: App\Controllers\Contact::$db
#0 C:\xampp\htdocs\tag4tech\app\Controllers\Contact.php(30): CodeIgniter\Debug\Exceptions->errorHandler(2, 'Undefined prope...', 'C:\\xampp\\htdocs...', 30)
#1 C:\xampp\htdocs\tag4tech\system\CodeIgniter.php(802): App\Controllers\Contact->save()
#2 C:\xampp\htdocs\tag4tech\system\CodeIgniter.php(399): CodeIgniter\CodeIgniter->runController(Object(App\Controllers\Contact))
#3 C:\xampp\htdocs\tag4tech\system\CodeIgniter.php(317): CodeIgniter\CodeIgniter->handleRequest(NULL, Object(Config\Cache), false)
#4 C:\xampp\htdocs\tag4tech\public\index.php(37): CodeIgniter\CodeIgniter->run()
#5 {main}
CRITICAL - 2021-09-30 14:14:46 --> Undefined property: App\Controllers\Contact::$input
#0 C:\xampp\htdocs\tag4tech\app\Controllers\Contact.php(24): CodeIgniter\Debug\Exceptions->errorHandler(2, 'Undefined prope...', 'C:\\xampp\\htdocs...', 24)
#1 C:\xampp\htdocs\tag4tech\system\CodeIgniter.php(802): App\Controllers\Contact->save()
#2 C:\xampp\htdocs\tag4tech\system\CodeIgniter.php(399): CodeIgniter\CodeIgniter->runController(Object(App\Controllers\Contact))
#3 C:\xampp\htdocs\tag4tech\system\CodeIgniter.php(317): CodeIgniter\CodeIgniter->handleRequest(NULL, Object(Config\Cache), false)
#4 C:\xampp\htdocs\tag4tech\public\index.php(37): CodeIgniter\CodeIgniter->run()
#5 {main}
CRITICAL - 2021-09-30 14:15:25 --> Undefined property: App\Controllers\Contact::$input
#0 C:\xampp\htdocs\tag4tech\app\Controllers\Contact.php(24): CodeIgniter\Debug\Exceptions->errorHandler(2, 'Undefined prope...', 'C:\\xampp\\htdocs...', 24)
#1 C:\xampp\htdocs\tag4tech\system\CodeIgniter.php(802): App\Controllers\Contact->save()
#2 C:\xampp\htdocs\tag4tech\system\CodeIgniter.php(399): CodeIgniter\CodeIgniter->runController(Object(App\Controllers\Contact))
#3 C:\xampp\htdocs\tag4tech\system\CodeIgniter.php(317): CodeIgniter\CodeIgniter->handleRequest(NULL, Object(Config\Cache), false)
#4 C:\xampp\htdocs\tag4tech\public\index.php(37): CodeIgniter\CodeIgniter->run()
#5 {main}
CRITICAL - 2021-09-30 14:15:45 --> Undefined property: App\Controllers\Contact::$input
#0 C:\xampp\htdocs\tag4tech\app\Controllers\Contact.php(24): CodeIgniter\Debug\Exceptions->errorHandler(2, 'Undefined prope...', 'C:\\xampp\\htdocs...', 24)
#1 C:\xampp\htdocs\tag4tech\system\CodeIgniter.php(802): App\Controllers\Contact->save()
#2 C:\xampp\htdocs\tag4tech\system\CodeIgniter.php(399): CodeIgniter\CodeIgniter->runController(Object(App\Controllers\Contact))
#3 C:\xampp\htdocs\tag4tech\system\CodeIgniter.php(317): CodeIgniter\CodeIgniter->handleRequest(NULL, Object(Config\Cache), false)
#4 C:\xampp\htdocs\tag4tech\public\index.php(37): CodeIgniter\CodeIgniter->run()
#5 {main}
CRITICAL - 2021-09-30 14:19:14 --> Undefined property: App\Controllers\Contact::$input
#0 C:\xampp\htdocs\tag4tech\app\Controllers\Contact.php(24): CodeIgniter\Debug\Exceptions->errorHandler(2, 'Undefined prope...', 'C:\\xampp\\htdocs...', 24)
#1 C:\xampp\htdocs\tag4tech\system\CodeIgniter.php(802): App\Controllers\Contact->save()
#2 C:\xampp\htdocs\tag4tech\system\CodeIgniter.php(399): CodeIgniter\CodeIgniter->runController(Object(App\Controllers\Contact))
#3 C:\xampp\htdocs\tag4tech\system\CodeIgniter.php(317): CodeIgniter\CodeIgniter->handleRequest(NULL, Object(Config\Cache), false)
#4 C:\xampp\htdocs\tag4tech\public\index.php(37): CodeIgniter\CodeIgniter->run()
#5 {main}
CRITICAL - 2021-09-30 14:19:34 --> Undefined property: App\Controllers\Contact::$input
#0 C:\xampp\htdocs\tag4tech\app\Controllers\Contact.php(24): CodeIgniter\Debug\Exceptions->errorHandler(2, 'Undefined prope...', 'C:\\xampp\\htdocs...', 24)
#1 C:\xampp\htdocs\tag4tech\system\CodeIgniter.php(802): App\Controllers\Contact->save()
#2 C:\xampp\htdocs\tag4tech\system\CodeIgniter.php(399): CodeIgniter\CodeIgniter->runController(Object(App\Controllers\Contact))
#3 C:\xampp\htdocs\tag4tech\system\CodeIgniter.php(317): CodeIgniter\CodeIgniter->handleRequest(NULL, Object(Config\Cache), false)
#4 C:\xampp\htdocs\tag4tech\public\index.php(37): CodeIgniter\CodeIgniter->run()
#5 {main}
CRITICAL - 2021-09-30 14:20:09 --> syntax error, unexpected token "=", expecting "]"
#0 C:\xampp\htdocs\tag4tech\system\Router\Router.php(160): CodeIgniter\Router\Router->autoRoute('contact/save')
#1 C:\xampp\htdocs\tag4tech\system\CodeIgniter.php(702): CodeIgniter\Router\Router->handle('contact/save')
#2 C:\xampp\htdocs\tag4tech\system\CodeIgniter.php(358): CodeIgniter\CodeIgniter->tryToRouteIt(Object(CodeIgniter\Router\RouteCollection))
#3 C:\xampp\htdocs\tag4tech\system\CodeIgniter.php(317): CodeIgniter\CodeIgniter->handleRequest(NULL, Object(Config\Cache), false)
#4 C:\xampp\htdocs\tag4tech\public\index.php(37): CodeIgniter\CodeIgniter->run()
#5 {main}
CRITICAL - 2021-09-30 14:20:25 --> Undefined property: App\Controllers\Contact::$input
#0 C:\xampp\htdocs\tag4tech\app\Controllers\Contact.php(20): CodeIgniter\Debug\Exceptions->errorHandler(2, 'Undefined prope...', 'C:\\xampp\\htdocs...', 20)
#1 C:\xampp\htdocs\tag4tech\system\CodeIgniter.php(802): App\Controllers\Contact->save()
#2 C:\xampp\htdocs\tag4tech\system\CodeIgniter.php(399): CodeIgniter\CodeIgniter->runController(Object(App\Controllers\Contact))
#3 C:\xampp\htdocs\tag4tech\system\CodeIgniter.php(317): CodeIgniter\CodeIgniter->handleRequest(NULL, Object(Config\Cache), false)
#4 C:\xampp\htdocs\tag4tech\public\index.php(37): CodeIgniter\CodeIgniter->run()
#5 {main}
CRITICAL - 2021-09-30 14:20:45 --> Undefined property: App\Controllers\Contact::$input
#0 C:\xampp\htdocs\tag4tech\app\Controllers\Contact.php(20): CodeIgniter\Debug\Exceptions->errorHandler(2, 'Undefined prope...', 'C:\\xampp\\htdocs...', 20)
#1 C:\xampp\htdocs\tag4tech\system\CodeIgniter.php(802): App\Controllers\Contact->save()
#2 C:\xampp\htdocs\tag4tech\system\CodeIgniter.php(399): CodeIgniter\CodeIgniter->runController(Object(App\Controllers\Contact))
#3 C:\xampp\htdocs\tag4tech\system\CodeIgniter.php(317): CodeIgniter\CodeIgniter->handleRequest(NULL, Object(Config\Cache), false)
#4 C:\xampp\htdocs\tag4tech\public\index.php(37): CodeIgniter\CodeIgniter->run()
#5 {main}
CRITICAL - 2021-09-30 14:21:42 --> Undefined property: App\Controllers\Contact::$input
#0 C:\xampp\htdocs\tag4tech\app\Controllers\Contact.php(20): CodeIgniter\Debug\Exceptions->errorHandler(2, 'Undefined prope...', 'C:\\xampp\\htdocs...', 20)
#1 C:\xampp\htdocs\tag4tech\system\CodeIgniter.php(802): App\Controllers\Contact->save()
#2 C:\xampp\htdocs\tag4tech\system\CodeIgniter.php(399): CodeIgniter\CodeIgniter->runController(Object(App\Controllers\Contact))
#3 C:\xampp\htdocs\tag4tech\system\CodeIgniter.php(317): CodeIgniter\CodeIgniter->handleRequest(NULL, Object(Config\Cache), false)
#4 C:\xampp\htdocs\tag4tech\public\index.php(37): CodeIgniter\CodeIgniter->run()
#5 {main}
CRITICAL - 2021-09-30 14:22:49 --> Undefined property: App\Controllers\Contact::$input
#0 C:\xampp\htdocs\tag4tech\app\Controllers\Contact.php(20): CodeIgniter\Debug\Exceptions->errorHandler(2, 'Undefined prope...', 'C:\\xampp\\htdocs...', 20)
#1 C:\xampp\htdocs\tag4tech\system\CodeIgniter.php(802): App\Controllers\Contact->save()
#2 C:\xampp\htdocs\tag4tech\system\CodeIgniter.php(399): CodeIgniter\CodeIgniter->runController(Object(App\Controllers\Contact))
#3 C:\xampp\htdocs\tag4tech\system\CodeIgniter.php(317): CodeIgniter\CodeIgniter->handleRequest(NULL, Object(Config\Cache), false)
#4 C:\xampp\htdocs\tag4tech\public\index.php(37): CodeIgniter\CodeIgniter->run()
#5 {main}
CRITICAL - 2021-09-30 14:22:59 --> Undefined property: App\Controllers\Contact::$input
#0 C:\xampp\htdocs\tag4tech\app\Controllers\Contact.php(20): CodeIgniter\Debug\Exceptions->errorHandler(2, 'Undefined prope...', 'C:\\xampp\\htdocs...', 20)
#1 C:\xampp\htdocs\tag4tech\system\CodeIgniter.php(802): App\Controllers\Contact->save()
#2 C:\xampp\htdocs\tag4tech\system\CodeIgniter.php(399): CodeIgniter\CodeIgniter->runController(Object(App\Controllers\Contact))
#3 C:\xampp\htdocs\tag4tech\system\CodeIgniter.php(317): CodeIgniter\CodeIgniter->handleRequest(NULL, Object(Config\Cache), false)
#4 C:\xampp\htdocs\tag4tech\public\index.php(37): CodeIgniter\CodeIgniter->run()
#5 {main}
CRITICAL - 2021-09-30 14:23:58 --> Undefined property: App\Controllers\Contact::$input
#0 C:\xampp\htdocs\tag4tech\app\Controllers\Contact.php(20): CodeIgniter\Debug\Exceptions->errorHandler(2, 'Undefined prope...', 'C:\\xampp\\htdocs...', 20)
#1 C:\xampp\htdocs\tag4tech\system\CodeIgniter.php(802): App\Controllers\Contact->save()
#2 C:\xampp\htdocs\tag4tech\system\CodeIgniter.php(399): CodeIgniter\CodeIgniter->runController(Object(App\Controllers\Contact))
#3 C:\xampp\htdocs\tag4tech\system\CodeIgniter.php(317): CodeIgniter\CodeIgniter->handleRequest(NULL, Object(Config\Cache), false)
#4 C:\xampp\htdocs\tag4tech\public\index.php(37): CodeIgniter\CodeIgniter->run()
#5 {main}
CRITICAL - 2021-09-30 14:24:19 --> syntax error, unexpected token ";", expecting "]"
#0 C:\xampp\htdocs\tag4tech\system\Router\Router.php(160): CodeIgniter\Router\Router->autoRoute('contact/save')
#1 C:\xampp\htdocs\tag4tech\system\CodeIgniter.php(702): CodeIgniter\Router\Router->handle('contact/save')
#2 C:\xampp\htdocs\tag4tech\system\CodeIgniter.php(358): CodeIgniter\CodeIgniter->tryToRouteIt(Object(CodeIgniter\Router\RouteCollection))
#3 C:\xampp\htdocs\tag4tech\system\CodeIgniter.php(317): CodeIgniter\CodeIgniter->handleRequest(NULL, Object(Config\Cache), false)
#4 C:\xampp\htdocs\tag4tech\public\index.php(37): CodeIgniter\CodeIgniter->run()
#5 {main}
CRITICAL - 2021-09-30 14:24:51 --> syntax error, unexpected token "=", expecting "]"
#0 C:\xampp\htdocs\tag4tech\system\Router\Router.php(160): CodeIgniter\Router\Router->autoRoute('contact/save')
#1 C:\xampp\htdocs\tag4tech\system\CodeIgniter.php(702): CodeIgniter\Router\Router->handle('contact/save')
#2 C:\xampp\htdocs\tag4tech\system\CodeIgniter.php(358): CodeIgniter\CodeIgniter->tryToRouteIt(Object(CodeIgniter\Router\RouteCollection))
#3 C:\xampp\htdocs\tag4tech\system\CodeIgniter.php(317): CodeIgniter\CodeIgniter->handleRequest(NULL, Object(Config\Cache), false)
#4 C:\xampp\htdocs\tag4tech\public\index.php(37): CodeIgniter\CodeIgniter->run()
#5 {main}
CRITICAL - 2021-09-30 14:30:37 --> Undefined property: App\Controllers\Contact::$input
#0 C:\xampp\htdocs\tag4tech\app\Controllers\Contact.php(25): CodeIgniter\Debug\Exceptions->errorHandler(2, 'Undefined prope...', 'C:\\xampp\\htdocs...', 25)
#1 C:\xampp\htdocs\tag4tech\system\CodeIgniter.php(802): App\Controllers\Contact->save()
#2 C:\xampp\htdocs\tag4tech\system\CodeIgniter.php(399): CodeIgniter\CodeIgniter->runController(Object(App\Controllers\Contact))
#3 C:\xampp\htdocs\tag4tech\system\CodeIgniter.php(317): CodeIgniter\CodeIgniter->handleRequest(NULL, Object(Config\Cache), false)
#4 C:\xampp\htdocs\tag4tech\public\index.php(37): CodeIgniter\CodeIgniter->run()
#5 {main}
CRITICAL - 2021-09-30 14:48:08 --> Undefined property: App\Controllers\Contact::$input
#0 C:\xampp\htdocs\tag4tech\app\Controllers\Contact.php(20): CodeIgniter\Debug\Exceptions->errorHandler(2, 'Undefined prope...', 'C:\\xampp\\htdocs...', 20)
#1 C:\xampp\htdocs\tag4tech\system\CodeIgniter.php(802): App\Controllers\Contact->save()
#2 C:\xampp\htdocs\tag4tech\system\CodeIgniter.php(399): CodeIgniter\CodeIgniter->runController(Object(App\Controllers\Contact))
#3 C:\xampp\htdocs\tag4tech\system\CodeIgniter.php(317): CodeIgniter\CodeIgniter->handleRequest(NULL, Object(Config\Cache), false)
#4 C:\xampp\htdocs\tag4tech\public\index.php(37): CodeIgniter\CodeIgniter->run()
#5 {main}
CRITICAL - 2021-09-30 14:53:38 --> Undefined property: App\Controllers\Contact::$input
#0 C:\xampp\htdocs\tag4tech\app\Controllers\Contact.php(20): CodeIgniter\Debug\Exceptions->errorHandler(2, 'Undefined prope...', 'C:\\xampp\\htdocs...', 20)
#1 C:\xampp\htdocs\tag4tech\system\CodeIgniter.php(802): App\Controllers\Contact->save()
#2 C:\xampp\htdocs\tag4tech\system\CodeIgniter.php(399): CodeIgniter\CodeIgniter->runController(Object(App\Controllers\Contact))
#3 C:\xampp\htdocs\tag4tech\system\CodeIgniter.php(317): CodeIgniter\CodeIgniter->handleRequest(NULL, Object(Config\Cache), false)
#4 C:\xampp\htdocs\tag4tech\public\index.php(37): CodeIgniter\CodeIgniter->run()
#5 {main}
CRITICAL - 2021-09-30 14:54:02 --> Undefined property: App\Controllers\Contact::$input
#0 C:\xampp\htdocs\tag4tech\app\Controllers\Contact.php(20): CodeIgniter\Debug\Exceptions->errorHandler(2, 'Undefined prope...', 'C:\\xampp\\htdocs...', 20)
#1 C:\xampp\htdocs\tag4tech\system\CodeIgniter.php(802): App\Controllers\Contact->save()
#2 C:\xampp\htdocs\tag4tech\system\CodeIgniter.php(399): CodeIgniter\CodeIgniter->runController(Object(App\Controllers\Contact))
#3 C:\xampp\htdocs\tag4tech\system\CodeIgniter.php(317): CodeIgniter\CodeIgniter->handleRequest(NULL, Object(Config\Cache), false)
#4 C:\xampp\htdocs\tag4tech\public\index.php(37): CodeIgniter\CodeIgniter->run()
#5 {main}
CRITICAL - 2021-09-30 15:00:34 --> Undefined property: App\Controllers\Contact::$input
#0 C:\xampp\htdocs\tag4tech\app\Controllers\Contact.php(18): CodeIgniter\Debug\Exceptions->errorHandler(2, 'Undefined prope...', 'C:\\xampp\\htdocs...', 18)
#1 C:\xampp\htdocs\tag4tech\system\CodeIgniter.php(802): App\Controllers\Contact->save()
#2 C:\xampp\htdocs\tag4tech\system\CodeIgniter.php(399): CodeIgniter\CodeIgniter->runController(Object(App\Controllers\Contact))
#3 C:\xampp\htdocs\tag4tech\system\CodeIgniter.php(317): CodeIgniter\CodeIgniter->handleRequest(NULL, Object(Config\Cache), false)
#4 C:\xampp\htdocs\tag4tech\public\index.php(37): CodeIgniter\CodeIgniter->run()
#5 {main}
CRITICAL - 2021-09-30 15:01:32 --> Undefined property: App\Controllers\Contact::$input
#0 C:\xampp\htdocs\tag4tech\app\Controllers\Contact.php(18): CodeIgniter\Debug\Exceptions->errorHandler(2, 'Undefined prope...', 'C:\\xampp\\htdocs...', 18)
#1 C:\xampp\htdocs\tag4tech\system\CodeIgniter.php(802): App\Controllers\Contact->save()
#2 C:\xampp\htdocs\tag4tech\system\CodeIgniter.php(399): CodeIgniter\CodeIgniter->runController(Object(App\Controllers\Contact))
#3 C:\xampp\htdocs\tag4tech\system\CodeIgniter.php(317): CodeIgniter\CodeIgniter->handleRequest(NULL, Object(Config\Cache), false)
#4 C:\xampp\htdocs\tag4tech\public\index.php(37): CodeIgniter\CodeIgniter->run()
#5 {main}
CRITICAL - 2021-09-30 15:04:25 --> Undefined property: App\Controllers\Contact::$input
#0 C:\xampp\htdocs\tag4tech\app\Controllers\Contact.php(18): CodeIgniter\Debug\Exceptions->errorHandler(2, 'Undefined prope...', 'C:\\xampp\\htdocs...', 18)
#1 C:\xampp\htdocs\tag4tech\system\CodeIgniter.php(802): App\Controllers\Contact->save()
#2 C:\xampp\htdocs\tag4tech\system\CodeIgniter.php(399): CodeIgniter\CodeIgniter->runController(Object(App\Controllers\Contact))
#3 C:\xampp\htdocs\tag4tech\system\CodeIgniter.php(317): CodeIgniter\CodeIgniter->handleRequest(NULL, Object(Config\Cache), false)
#4 C:\xampp\htdocs\tag4tech\public\index.php(37): CodeIgniter\CodeIgniter->run()
#5 {main}
CRITICAL - 2021-09-30 15:04:50 --> Undefined property: App\Controllers\Contact::$input
#0 C:\xampp\htdocs\tag4tech\app\Controllers\Contact.php(18): CodeIgniter\Debug\Exceptions->errorHandler(2, 'Undefined prope...', 'C:\\xampp\\htdocs...', 18)
#1 C:\xampp\htdocs\tag4tech\system\CodeIgniter.php(802): App\Controllers\Contact->save()
#2 C:\xampp\htdocs\tag4tech\system\CodeIgniter.php(399): CodeIgniter\CodeIgniter->runController(Object(App\Controllers\Contact))
#3 C:\xampp\htdocs\tag4tech\system\CodeIgniter.php(317): CodeIgniter\CodeIgniter->handleRequest(NULL, Object(Config\Cache), false)
#4 C:\xampp\htdocs\tag4tech\public\index.php(37): CodeIgniter\CodeIgniter->run()
#5 {main}
CRITICAL - 2021-09-30 15:09:31 --> Undefined property: App\Controllers\Contact::$input
#0 C:\xampp\htdocs\tag4tech\app\Controllers\Contact.php(19): CodeIgniter\Debug\Exceptions->errorHandler(2, 'Undefined prope...', 'C:\\xampp\\htdocs...', 19)
#1 C:\xampp\htdocs\tag4tech\system\CodeIgniter.php(802): App\Controllers\Contact->save()
#2 C:\xampp\htdocs\tag4tech\system\CodeIgniter.php(399): CodeIgniter\CodeIgniter->runController(Object(App\Controllers\Contact))
#3 C:\xampp\htdocs\tag4tech\system\CodeIgniter.php(317): CodeIgniter\CodeIgniter->handleRequest(NULL, Object(Config\Cache), false)
#4 C:\xampp\htdocs\tag4tech\public\index.php(37): CodeIgniter\CodeIgniter->run()
#5 {main}
CRITICAL - 2021-09-30 15:14:44 --> Undefined property: App\Controllers\Contact::$input
#0 C:\xampp\htdocs\tag4tech\app\Controllers\Contact.php(19): CodeIgniter\Debug\Exceptions->errorHandler(2, 'Undefined prope...', 'C:\\xampp\\htdocs...', 19)
#1 C:\xampp\htdocs\tag4tech\system\CodeIgniter.php(802): App\Controllers\Contact->save()
#2 C:\xampp\htdocs\tag4tech\system\CodeIgniter.php(399): CodeIgniter\CodeIgniter->runController(Object(App\Controllers\Contact))
#3 C:\xampp\htdocs\tag4tech\system\CodeIgniter.php(317): CodeIgniter\CodeIgniter->handleRequest(NULL, Object(Config\Cache), false)
#4 C:\xampp\htdocs\tag4tech\public\index.php(37): CodeIgniter\CodeIgniter->run()
#5 {main}
CRITICAL - 2021-09-30 15:15:07 --> Undefined property: App\Controllers\Contact::$input
#0 C:\xampp\htdocs\tag4tech\app\Controllers\Contact.php(19): CodeIgniter\Debug\Exceptions->errorHandler(2, 'Undefined prope...', 'C:\\xampp\\htdocs...', 19)
#1 C:\xampp\htdocs\tag4tech\system\CodeIgniter.php(802): App\Controllers\Contact->save()
#2 C:\xampp\htdocs\tag4tech\system\CodeIgniter.php(399): CodeIgniter\CodeIgniter->runController(Object(App\Controllers\Contact))
#3 C:\xampp\htdocs\tag4tech\system\CodeIgniter.php(317): CodeIgniter\CodeIgniter->handleRequest(NULL, Object(Config\Cache), false)
#4 C:\xampp\htdocs\tag4tech\public\index.php(37): CodeIgniter\CodeIgniter->run()
#5 {main}
CRITICAL - 2021-09-30 15:16:12 --> Undefined property: App\Controllers\Contact::$input
#0 C:\xampp\htdocs\tag4tech\app\Controllers\Contact.php(19): CodeIgniter\Debug\Exceptions->errorHandler(2, 'Undefined prope...', 'C:\\xampp\\htdocs...', 19)
#1 C:\xampp\htdocs\tag4tech\system\CodeIgniter.php(802): App\Controllers\Contact->save()
#2 C:\xampp\htdocs\tag4tech\system\CodeIgniter.php(399): CodeIgniter\CodeIgniter->runController(Object(App\Controllers\Contact))
#3 C:\xampp\htdocs\tag4tech\system\CodeIgniter.php(317): CodeIgniter\CodeIgniter->handleRequest(NULL, Object(Config\Cache), false)
#4 C:\xampp\htdocs\tag4tech\public\index.php(37): CodeIgniter\CodeIgniter->run()
#5 {main}
CRITICAL - 2021-09-30 15:24:11 --> Undefined property: App\Controllers\Contact::$input
#0 C:\xampp\htdocs\tag4tech\app\Controllers\Contact.php(25): CodeIgniter\Debug\Exceptions->errorHandler(2, 'Undefined prope...', 'C:\\xampp\\htdocs...', 25)
#1 C:\xampp\htdocs\tag4tech\system\CodeIgniter.php(802): App\Controllers\Contact->save()
#2 C:\xampp\htdocs\tag4tech\system\CodeIgniter.php(399): CodeIgniter\CodeIgniter->runController(Object(App\Controllers\Contact))
#3 C:\xampp\htdocs\tag4tech\system\CodeIgniter.php(317): CodeIgniter\CodeIgniter->handleRequest(NULL, Object(Config\Cache), false)
#4 C:\xampp\htdocs\tag4tech\public\index.php(37): CodeIgniter\CodeIgniter->run()
#5 {main}
CRITICAL - 2021-09-30 15:25:02 --> Undefined property: App\Controllers\Contact::$input
#0 C:\xampp\htdocs\tag4tech\app\Controllers\Contact.php(25): CodeIgniter\Debug\Exceptions->errorHandler(2, 'Undefined prope...', 'C:\\xampp\\htdocs...', 25)
#1 C:\xampp\htdocs\tag4tech\system\CodeIgniter.php(802): App\Controllers\Contact->save()
#2 C:\xampp\htdocs\tag4tech\system\CodeIgniter.php(399): CodeIgniter\CodeIgniter->runController(Object(App\Controllers\Contact))
#3 C:\xampp\htdocs\tag4tech\system\CodeIgniter.php(317): CodeIgniter\CodeIgniter->handleRequest(NULL, Object(Config\Cache), false)
#4 C:\xampp\htdocs\tag4tech\public\index.php(37): CodeIgniter\CodeIgniter->run()
#5 {main}
CRITICAL - 2021-09-30 15:27:35 --> Undefined property: App\Controllers\Contact::$load
#0 C:\xampp\htdocs\tag4tech\app\Controllers\Contact.php(11): CodeIgniter\Debug\Exceptions->errorHandler(2, 'Undefined prope...', 'C:\\xampp\\htdocs...', 11)
#1 C:\xampp\htdocs\tag4tech\system\CodeIgniter.php(802): App\Controllers\Contact->index()
#2 C:\xampp\htdocs\tag4tech\system\CodeIgniter.php(399): CodeIgniter\CodeIgniter->runController(Object(App\Controllers\Contact))
#3 C:\xampp\htdocs\tag4tech\system\CodeIgniter.php(317): CodeIgniter\CodeIgniter->handleRequest(NULL, Object(Config\Cache), false)
#4 C:\xampp\htdocs\tag4tech\public\index.php(37): CodeIgniter\CodeIgniter->run()
#5 {main}
CRITICAL - 2021-09-30 15:29:04 --> Undefined property: App\Controllers\Contact::$load
#0 C:\xampp\htdocs\tag4tech\app\Controllers\Contact.php(12): CodeIgniter\Debug\Exceptions->errorHandler(2, 'Undefined prope...', 'C:\\xampp\\htdocs...', 12)
#1 C:\xampp\htdocs\tag4tech\system\CodeIgniter.php(802): App\Controllers\Contact->index()
#2 C:\xampp\htdocs\tag4tech\system\CodeIgniter.php(399): CodeIgniter\CodeIgniter->runController(Object(App\Controllers\Contact))
#3 C:\xampp\htdocs\tag4tech\system\CodeIgniter.php(317): CodeIgniter\CodeIgniter->handleRequest(NULL, Object(Config\Cache), false)
#4 C:\xampp\htdocs\tag4tech\public\index.php(37): CodeIgniter\CodeIgniter->run()
#5 {main}
CRITICAL - 2021-09-30 15:29:25 --> Undefined property: App\Controllers\Contact::$load
#0 C:\xampp\htdocs\tag4tech\app\Controllers\Contact.php(12): CodeIgniter\Debug\Exceptions->errorHandler(2, 'Undefined prope...', 'C:\\xampp\\htdocs...', 12)
#1 C:\xampp\htdocs\tag4tech\system\CodeIgniter.php(802): App\Controllers\Contact->index()
#2 C:\xampp\htdocs\tag4tech\system\CodeIgniter.php(399): CodeIgniter\CodeIgniter->runController(Object(App\Controllers\Contact))
#3 C:\xampp\htdocs\tag4tech\system\CodeIgniter.php(317): CodeIgniter\CodeIgniter->handleRequest(NULL, Object(Config\Cache), false)
#4 C:\xampp\htdocs\tag4tech\public\index.php(37): CodeIgniter\CodeIgniter->run()
#5 {main}
